[0.491s] Invoking command in '/home/luky/ros2_ws/src/my_robot_controller': PYTHONPATH=/home/luky/ros2_ws/build/my_robot_controller/prefix_override:/home/luky/ros2_ws/install/my_robot_controller/lib/python3.10/site-packages:${PYTHONPATH} /usr/bin/python3 setup.py egg_info --egg-base ../../build/my_robot_controller build --build-base /home/luky/ros2_ws/build/my_robot_controller/build install --record /home/luky/ros2_ws/build/my_robot_controller/install.log --single-version-externally-managed
[0.682s] running egg_info
[0.683s] writing ../../build/my_robot_controller/my_robot_controller.egg-info/PKG-INFO
[0.683s] writing dependency_links to ../../build/my_robot_controller/my_robot_controller.egg-info/dependency_links.txt
[0.683s] writing entry points to ../../build/my_robot_controller/my_robot_controller.egg-info/entry_points.txt
[0.683s] writing requirements to ../../build/my_robot_controller/my_robot_controller.egg-info/requires.txt
[0.683s] writing top-level names to ../../build/my_robot_controller/my_robot_controller.egg-info/top_level.txt
[0.684s] reading manifest file '../../build/my_robot_controller/my_robot_controller.egg-info/SOURCES.txt'
[0.685s] writing manifest file '../../build/my_robot_controller/my_robot_controller.egg-info/SOURCES.txt'
[0.685s] running build
[0.685s] running build_py
[0.685s] running install
[0.685s] running install_lib
[0.686s] running install_data
[0.686s] running install_egg_info
[0.687s] removing '/home/luky/ros2_ws/install/my_robot_controller/lib/python3.10/site-packages/my_robot_controller-0.0.0-py3.10.egg-info' (and everything under it)
[0.687s] Copying ../../build/my_robot_controller/my_robot_controller.egg-info to /home/luky/ros2_ws/install/my_robot_controller/lib/python3.10/site-packages/my_robot_controller-0.0.0-py3.10.egg-info
[0.688s] running install_scripts
[0.703s] writing list of installed files to '/home/luky/ros2_ws/build/my_robot_controller/install.log'
[0.723s] Invoked command in '/home/luky/ros2_ws/src/my_robot_controller' returned '0': PYTHONPATH=/home/luky/ros2_ws/build/my_robot_controller/prefix_override:/home/luky/ros2_ws/install/my_robot_controller/lib/python3.10/site-packages:${PYTHONPATH} /usr/bin/python3 setup.py egg_info --egg-base ../../build/my_robot_controller build --build-base /home/luky/ros2_ws/build/my_robot_controller/build install --record /home/luky/ros2_ws/build/my_robot_controller/install.log --single-version-externally-managed
