[0.491s] Invoking command in '/home/luky/ros2_ws/src/my_robot_controller': PYTHONPATH=/home/luky/ros2_ws/build/my_robot_controller/prefix_override:/home/luky/ros2_ws/install/my_robot_controller/lib/python3.10/site-packages:${PYTHONPATH} /usr/bin/python3 setup.py egg_info --egg-base ../../build/my_robot_controller build --build-base /home/luky/ros2_ws/build/my_robot_controller/build install --record /home/luky/ros2_ws/build/my_robot_controller/install.log --single-version-externally-managed
[0.671s] running egg_info
[0.671s] creating ../../build/my_robot_controller/my_robot_controller.egg-info
[0.671s] writing ../../build/my_robot_controller/my_robot_controller.egg-info/PKG-INFO
[0.671s] writing dependency_links to ../../build/my_robot_controller/my_robot_controller.egg-info/dependency_links.txt
[0.671s] writing entry points to ../../build/my_robot_controller/my_robot_controller.egg-info/entry_points.txt
[0.671s] writing requirements to ../../build/my_robot_controller/my_robot_controller.egg-info/requires.txt
[0.671s] writing top-level names to ../../build/my_robot_controller/my_robot_controller.egg-info/top_level.txt
[0.671s] writing manifest file '../../build/my_robot_controller/my_robot_controller.egg-info/SOURCES.txt'
[0.672s] reading manifest file '../../build/my_robot_controller/my_robot_controller.egg-info/SOURCES.txt'
[0.673s] writing manifest file '../../build/my_robot_controller/my_robot_controller.egg-info/SOURCES.txt'
[0.673s] running build
[0.673s] running build_py
[0.673s] creating /home/luky/ros2_ws/build/my_robot_controller/build
[0.673s] creating /home/luky/ros2_ws/build/my_robot_controller/build/lib
[0.673s] creating /home/luky/ros2_ws/build/my_robot_controller/build/lib/my_robot_controller
[0.673s] copying my_robot_controller/__init__.py -> /home/luky/ros2_ws/build/my_robot_controller/build/lib/my_robot_controller
[0.673s] running install
[0.683s] /usr/lib/python3/dist-packages/setuptools/command/install.py:34: SetuptoolsDeprecationWarning: setup.py install is deprecated. Use build and pip and other standards-based tools.
[0.683s]   warnings.warn(
[0.683s] running install_lib
[0.684s] creating /home/luky/ros2_ws/install/my_robot_controller/lib/python3.10/site-packages/my_robot_controller
[0.684s] copying /home/luky/ros2_ws/build/my_robot_controller/build/lib/my_robot_controller/__init__.py -> /home/luky/ros2_ws/install/my_robot_controller/lib/python3.10/site-packages/my_robot_controller
[0.684s] byte-compiling /home/luky/ros2_ws/install/my_robot_controller/lib/python3.10/site-packages/my_robot_controller/__init__.py to __init__.cpython-310.pyc
[0.684s] running install_data
[0.685s] creating /home/luky/ros2_ws/install/my_robot_controller/share/ament_index
[0.685s] creating /home/luky/ros2_ws/install/my_robot_controller/share/ament_index/resource_index
[0.685s] creating /home/luky/ros2_ws/install/my_robot_controller/share/ament_index/resource_index/packages
[0.685s] copying resource/my_robot_controller -> /home/luky/ros2_ws/install/my_robot_controller/share/ament_index/resource_index/packages
[0.685s] copying package.xml -> /home/luky/ros2_ws/install/my_robot_controller/share/my_robot_controller
[0.685s] running install_egg_info
[0.686s] Copying ../../build/my_robot_controller/my_robot_controller.egg-info to /home/luky/ros2_ws/install/my_robot_controller/lib/python3.10/site-packages/my_robot_controller-0.0.0-py3.10.egg-info
[0.686s] running install_scripts
[0.703s] writing list of installed files to '/home/luky/ros2_ws/build/my_robot_controller/install.log'
[0.723s] Invoked command in '/home/luky/ros2_ws/src/my_robot_controller' returned '0': PYTHONPATH=/home/luky/ros2_ws/build/my_robot_controller/prefix_override:/home/luky/ros2_ws/install/my_robot_controller/lib/python3.10/site-packages:${PYTHONPATH} /usr/bin/python3 setup.py egg_info --egg-base ../../build/my_robot_controller build --build-base /home/luky/ros2_ws/build/my_robot_controller/build install --record /home/luky/ros2_ws/build/my_robot_controller/install.log --single-version-externally-managed
