[0.510s] Invoking command in '/home/luky/ros2_ws/src/my_robot_controller': PYTHONPATH=/home/luky/ros2_ws/build/my_robot_controller/prefix_override:/home/luky/ros2_ws/install/my_robot_controller/lib/python3.10/site-packages:${PYTHONPATH} /usr/bin/python3 setup.py egg_info --egg-base ../../build/my_robot_controller build --build-base /home/luky/ros2_ws/build/my_robot_controller/build install --record /home/luky/ros2_ws/build/my_robot_controller/install.log --single-version-externally-managed
[0.718s] running egg_info
[0.718s] writing ../../build/my_robot_controller/my_robot_controller.egg-info/PKG-INFO
[0.718s] writing dependency_links to ../../build/my_robot_controller/my_robot_controller.egg-info/dependency_links.txt
[0.718s] writing entry points to ../../build/my_robot_controller/my_robot_controller.egg-info/entry_points.txt
[0.718s] writing requirements to ../../build/my_robot_controller/my_robot_controller.egg-info/requires.txt
[0.718s] writing top-level names to ../../build/my_robot_controller/my_robot_controller.egg-info/top_level.txt
[0.720s] reading manifest file '../../build/my_robot_controller/my_robot_controller.egg-info/SOURCES.txt'
[0.720s] writing manifest file '../../build/my_robot_controller/my_robot_controller.egg-info/SOURCES.txt'
[0.720s] running build
[0.720s] running build_py
[0.721s] copying my_robot_controller/my_first_node.py -> /home/luky/ros2_ws/build/my_robot_controller/build/lib/my_robot_controller
[0.721s] running install
[0.721s] running install_lib
[0.721s] copying /home/luky/ros2_ws/build/my_robot_controller/build/lib/my_robot_controller/my_first_node.py -> /home/luky/ros2_ws/install/my_robot_controller/lib/python3.10/site-packages/my_robot_controller
[0.722s] byte-compiling /home/luky/ros2_ws/install/my_robot_controller/lib/python3.10/site-packages/my_robot_controller/my_first_node.py to my_first_node.cpython-310.pyc
[0.722s] running install_data
[0.722s] running install_egg_info
[0.724s] removing '/home/luky/ros2_ws/install/my_robot_controller/lib/python3.10/site-packages/my_robot_controller-0.0.0-py3.10.egg-info' (and everything under it)
[0.724s] Copying ../../build/my_robot_controller/my_robot_controller.egg-info to /home/luky/ros2_ws/install/my_robot_controller/lib/python3.10/site-packages/my_robot_controller-0.0.0-py3.10.egg-info
[0.724s] running install_scripts
[0.740s] Installing test_node script to /home/luky/ros2_ws/install/my_robot_controller/lib/my_robot_controller
[0.740s] writing list of installed files to '/home/luky/ros2_ws/build/my_robot_controller/install.log'
[0.763s] Invoked command in '/home/luky/ros2_ws/src/my_robot_controller' returned '0': PYTHONPATH=/home/luky/ros2_ws/build/my_robot_controller/prefix_override:/home/luky/ros2_ws/install/my_robot_controller/lib/python3.10/site-packages:${PYTHONPATH} /usr/bin/python3 setup.py egg_info --egg-base ../../build/my_robot_controller build --build-base /home/luky/ros2_ws/build/my_robot_controller/build install --record /home/luky/ros2_ws/build/my_robot_controller/install.log --single-version-externally-managed
